<?xml version="1.0" encoding="UTF-8"?>
<!-- Generated by org.testng.reporters.JUnitXMLReporter -->
<testsuite hostname="LK_LP_503" ignored="0" name="Default test" tests="8" failures="0" timestamp="17 Oct 2018 15:34:07 GMT" time="65.782" errors="0">
  <testcase name="Openurl" time="31.982" classname="automationFramework.TestCase"/>
  <testcase name="create" time="9.108" classname="automationFramework.TestCase"/>
  <testcase name="start" time="2.116" classname="automationFramework.TestCase"/>
  <testcase name="createPage" time="0.569" classname="automationFramework.TestCase"/>
  <testcase name="SMS" time="6.149" classname="automationFramework.TestCase"/>
  <testcase name="Email" time="2.879" classname="automationFramework.TestCase"/>
  <testcase name="dragExitAppCase" time="2.956" classname="automationFramework.TestCase"/>
  <testcase name="close" time="0.001" classname="automationFramework.TestCase"/>
</testsuite> <!-- Default test -->
